# JRE version: OpenJDK Runtime Environment (8.0_152-b01) (build 1.8.0_152-release-1343-b01)
# Java VM: OpenJDK 64-Bit Server VM (25.152-b01 mixed mode windows-amd64 compressed oops)
Heap:
 PSYoungGen      total 432640K, used 22321K [0x00000000e0000000, 0x00000000ff400000, 0x0000000100000000)
  eden space 410112K, 0% used [0x00000000e0000000,0x00000000e0000000,0x00000000f9080000)
  from space 22528K, 99% used [0x00000000f9080000,0x00000000fa64c470,0x00000000fa680000)
  to   space 50688K, 0% used [0x00000000fc280000,0x00000000fc280000,0x00000000ff400000)
 ParOldGen       total 320000K, used 144740K [0x00000000a0000000, 0x00000000b3880000, 0x00000000e0000000)
  object space 320000K, 45% used [0x00000000a0000000,0x00000000a8d593b8,0x00000000b3880000)
 Metaspace       used 116670K, capacity 124778K, committed 125824K, reserved 1159168K
  class space    used 14443K, capacity 15923K, committed 16256K, reserved 1048576K
GC Heap History (10 events):
Event: 10593.161 GC heap after
Heap after GC invocations=72 (full 6):
 PSYoungGen      total 461312K, used 5608K [0x00000000e0000000, 0x00000000ffc00000, 0x0000000100000000)
  eden space 403456K, 0% used [0x00000000e0000000,0x00000000e0000000,0x00000000f8a00000)
  from space 57856K, 9% used [0x00000000fc380000,0x00000000fc8fa298,0x00000000ffc00000)
  to   space 58368K, 0% used [0x00000000f8a00000,0x00000000f8a00000,0x00000000fc300000)
 ParOldGen       total 292864K, used 267124K [0x00000000a0000000, 0x00000000b1e00000, 0x00000000e0000000)
  object space 292864K, 91% used [0x00000000a0000000,0x00000000b04dd180,0x00000000b1e00000)
 Metaspace       used 117260K, capacity 124880K, committed 125184K, reserved 1159168K
  class space    used 14545K, capacity 16055K, committed 16128K, reserved 1048576K
}
Event: 10597.791 GC heap before
{Heap before GC invocations=73 (full 6):
 PSYoungGen      total 461312K, used 409064K [0x00000000e0000000, 0x00000000ffc00000, 0x0000000100000000)
  eden space 403456K, 100% used [0x00000000e0000000,0x00000000f8a00000,0x00000000f8a00000)
  from space 57856K, 9% used [0x00000000fc380000,0x00000000fc8fa298,0x00000000ffc00000)
  to   space 58368K, 0% used [0x00000000f8a00000,0x00000000f8a00000,0x00000000fc300000)
 ParOldGen       total 292864K, used 267124K [0x00000000a0000000, 0x00000000b1e00000, 0x00000000e0000000)
  object space 292864K, 91% used [0x00000000a0000000,0x00000000b04dd180,0x00000000b1e00000)
 Metaspace       used 117656K, capacity 125586K, committed 125824K, reserved 1159168K
  class space    used 14603K, capacity 16162K, committed 16256K, reserved 1048576K
Event: 10597.826 GC heap after
Heap after GC invocations=73 (full 6):
 PSYoungGen      total 461824K, used 22466K [0x00000000e0000000, 0x00000000ffa80000, 0x0000000100000000)
  eden space 403456K, 0% used [0x00000000e0000000,0x00000000e0000000,0x00000000f8a00000)
  from space 58368K, 38% used [0x00000000f8a00000,0x00000000f9ff0b28,0x00000000fc300000)
  to   space 55296K, 0% used [0x00000000fc480000,0x00000000fc480000,0x00000000ffa80000)
 ParOldGen       total 292864K, used 270838K [0x00000000a0000000, 0x00000000b1e00000, 0x00000000e0000000)
  object space 292864K, 92% used [0x00000000a0000000,0x00000000b087dad0,0x00000000b1e00000)
 Metaspace       used 117656K, capacity 125586K, committed 125824K, reserved 1159168K
  class space    used 14603K, capacity 16162K, committed 16256K, reserved 1048576K
}
Event: 10597.826 GC heap before
{Heap before GC invocations=74 (full 7):
 PSYoungGen      total 461824K, used 22466K [0x00000000e0000000, 0x00000000ffa80000, 0x0000000100000000)
  eden space 403456K, 0% used [0x00000000e0000000,0x00000000e0000000,0x00000000f8a00000)
  from space 58368K, 38% used [0x00000000f8a00000,0x00000000f9ff0b28,0x00000000fc300000)
  to   space 55296K, 0% used [0x00000000fc480000,0x00000000fc480000,0x00000000ffa80000)
 ParOldGen       total 292864K, used 270838K [0x00000000a0000000, 0x00000000b1e00000, 0x00000000e0000000)
  object space 292864K, 92% used [0x00000000a0000000,0x00000000b087dad0,0x00000000b1e00000)
 Metaspace       used 117656K, capacity 125586K, committed 125824K, reserved 1159168K
  class space    used 14603K, capacity 16162K, committed 16256K, reserved 1048576K
Event: 10598.518 GC heap after
Heap after GC invocations=74 (full 7):
 PSYoungGen      total 461824K, used 0K [0x00000000e0000000, 0x00000000ffa80000, 0x0000000100000000)
  eden space 403456K, 0% used [0x00000000e0000000,0x00000000e0000000,0x00000000f8a00000)
  from space 58368K, 0% used [0x00000000f8a00000,0x00000000f8a00000,0x00000000fc300000)
  to   space 55296K, 0% used [0x00000000fc480000,0x00000000fc480000,0x00000000ffa80000)
 ParOldGen       total 320000K, used 127199K [0x00000000a0000000, 0x00000000b3880000, 0x00000000e0000000)
  object space 320000K, 39% used [0x00000000a0000000,0x00000000a7c37dd0,0x00000000b3880000)
 Metaspace       used 115655K, capacity 122782K, committed 125824K, reserved 1159168K
  class space    used 14277K, capacity 15625K, committed 16256K, reserved 1048576K
}
Event: 14097.736 GC heap before
{Heap before GC invocations=75 (full 7):
 PSYoungGen      total 461824K, used 403456K [0x00000000e0000000, 0x00000000ffa80000, 0x0000000100000000)
  eden space 403456K, 100% used [0x00000000e0000000,0x00000000f8a00000,0x00000000f8a00000)
  from space 58368K, 0% used [0x00000000f8a00000,0x00000000f8a00000,0x00000000fc300000)
  to   space 55296K, 0% used [0x00000000fc480000,0x00000000fc480000,0x00000000ffa80000)
 ParOldGen       total 320000K, used 127199K [0x00000000a0000000, 0x00000000b3880000, 0x00000000e0000000)
  object space 320000K, 39% used [0x00000000a0000000,0x00000000a7c37dd0,0x00000000b3880000)
 Metaspace       used 116405K, capacity 124366K, committed 125824K, reserved 1159168K
  class space    used 14412K, capacity 15877K, committed 16256K, reserved 1048576K
Event: 14097.779 GC heap after
Heap after GC invocations=75 (full 7):
 PSYoungGen      total 463872K, used 23680K [0x00000000e0000000, 0x00000000ff900000, 0x0000000100000000)
  eden space 410112K, 0% used [0x00000000e0000000,0x00000000e0000000,0x00000000f9080000)
  from space 53760K, 44% used [0x00000000fc480000,0x00000000fdba02f8,0x00000000ff900000)
  to   space 53248K, 0% used [0x00000000f9080000,0x00000000f9080000,0x00000000fc480000)
 ParOldGen       total 320000K, used 127207K [0x00000000a0000000, 0x00000000b3880000, 0x00000000e0000000)
  object space 320000K, 39% used [0x00000000a0000000,0x00000000a7c39dd0,0x00000000b3880000)
 Metaspace       used 116405K, capacity 124366K, committed 125824K, reserved 1159168K
  class space    used 14412K, capacity 15877K, committed 16256K, reserved 1048576K
}
Event: 14167.571 GC heap before
{Heap before GC invocations=76 (full 7):
 PSYoungGen      total 463872K, used 399972K [0x00000000e0000000, 0x00000000ff900000, 0x0000000100000000)
  eden space 410112K, 91% used [0x00000000e0000000,0x00000000f6f78e40,0x00000000f9080000)
  from space 53760K, 44% used [0x00000000fc480000,0x00000000fdba02f8,0x00000000ff900000)
  to   space 53248K, 0% used [0x00000000f9080000,0x00000000f9080000,0x00000000fc480000)
 ParOldGen       total 320000K, used 127207K [0x00000000a0000000, 0x00000000b3880000, 0x00000000e0000000)
  object space 320000K, 39% used [0x00000000a0000000,0x00000000a7c39dd0,0x00000000b3880000)
 Metaspace       used 116670K, capacity 124778K, committed 125824K, reserved 1159168K
  class space    used 14443K, capacity 15923K, committed 16256K, reserved 1048576K
Event: 14167.638 GC heap after
Heap after GC invocations=76 (full 7):
 PSYoungGen      total 432640K, used 22321K [0x00000000e0000000, 0x00000000ff400000, 0x0000000100000000)
  eden space 410112K, 0% used [0x00000000e0000000,0x00000000e0000000,0x00000000f9080000)
  from space 22528K, 99% used [0x00000000f9080000,0x00000000fa64c470,0x00000000fa680000)
  to   space 50688K, 0% used [0x00000000fc280000,0x00000000fc280000,0x00000000ff400000)
 ParOldGen       total 320000K, used 144740K [0x00000000a0000000, 0x00000000b3880000, 0x00000000e0000000)
  object space 320000K, 45% used [0x00000000a0000000,0x00000000a8d593b8,0x00000000b3880000)
 Metaspace       used 116670K, capacity 124778K, committed 125824K, reserved 1159168K
  class space    used 14443K, capacity 15923K, committed 16256K, reserved 1048576K
}
Event: 14167.638 GC heap before
{Heap before GC invocations=77 (full 8):
 PSYoungGen      total 432640K, used 22321K [0x00000000e0000000, 0x00000000ff400000, 0x0000000100000000)
  eden space 410112K, 0% used [0x00000000e0000000,0x00000000e0000000,0x00000000f9080000)
  from space 22528K, 99% used [0x00000000f9080000,0x00000000fa64c470,0x00000000fa680000)
  to   space 50688K, 0% used [0x00000000fc280000,0x00000000fc280000,0x00000000ff400000)
 ParOldGen       total 320000K, used 144740K [0x00000000a0000000, 0x00000000b3880000, 0x00000000e0000000)
  object space 320000K, 45% used [0x00000000a0000000,0x00000000a8d593b8,0x00000000b3880000)
 Metaspace       used 116670K, capacity 124778K, committed 125824K, reserved 1159168K
  class space    used 14443K, capacity 15923K, committed 16256K, reserved 1048576K

